[12-Jun-2026 20:47:06 UTC] PHP Fatal error:  Uncaught Error: Class "WP_Filesystem_Base" not found in C:\xampp\htdocs\webmajstor\wp-admin\includes\class-wp-filesystem-direct.php:16
Stack trace:
#0 C:\xampp\htdocs\webmajstor\install-plugins.php(64): require_once()
#1 {main}
  thrown in C:\xampp\htdocs\webmajstor\wp-admin\includes\class-wp-filesystem-direct.php on line 16
[12-Jun-2026 20:49:05 UTC] PHP Notice:  Function _load_textdomain_just_in_time was called <strong>incorrectly</strong>. Translation loading for the <code>wordpress-seo</code> domain was triggered too early. This is usually an indicator for some code in the plugin or theme running too early. Translations should be loaded at the <code>init</code> action or later. Please see <a href="https://developer.wordpress.org/advanced-administration/debug/debug-wordpress/">Debugging in WordPress</a> for more information. (This message was added in version 6.7.0.) in C:\xampp\htdocs\webmajstor\wp-includes\functions.php on line 6170
[12-Jun-2026 20:49:05 UTC] PHP Warning:  Trying to access array offset on value of type int in C:\xampp\htdocs\webmajstor\create-pages.php on line 113
[12-Jun-2026 20:49:05 UTC] PHP Warning:  Trying to access array offset on value of type int in C:\xampp\htdocs\webmajstor\create-pages.php on line 113
[12-Jun-2026 20:49:05 UTC] PHP Warning:  Trying to access array offset on value of type int in C:\xampp\htdocs\webmajstor\create-pages.php on line 113
[12-Jun-2026 20:49:05 UTC] PHP Warning:  Trying to access array offset on value of type int in C:\xampp\htdocs\webmajstor\create-pages.php on line 113
[12-Jun-2026 20:49:05 UTC] PHP Warning:  Trying to access array offset on value of type int in C:\xampp\htdocs\webmajstor\create-pages.php on line 113
[14-Jun-2026 18:58:46 UTC] Automatic updates starting...
[14-Jun-2026 18:58:47 UTC]   Automatic plugin updates starting...
[14-Jun-2026 18:58:47 UTC]   Automatic plugin updates complete.
[14-Jun-2026 18:58:49 UTC]   Automatic theme updates starting...
[14-Jun-2026 18:58:49 UTC]   Automatic theme updates complete.
[14-Jun-2026 18:58:49 UTC] Automatic updates complete.
[15-Jun-2026 17:53:14 UTC] Automatic updates starting...
[15-Jun-2026 17:53:16 UTC]   Automatic plugin updates starting...
[15-Jun-2026 17:53:16 UTC]   Automatic plugin updates complete.
[15-Jun-2026 17:53:17 UTC]   Automatic theme updates starting...
[15-Jun-2026 17:53:17 UTC]   Automatic theme updates complete.
[15-Jun-2026 17:53:17 UTC] Automatic updates complete.
[15-Jun-2026 19:29:32 UTC] PHP Notice:  WP_Scripts::add је позван <strong>неправилно</strong>. The script with the handle "wcf--animated-heading" was enqueued with dependencies that are not registered: gsap. Молимо вас да погледате <a href="https://developer.wordpress.org/advanced-administration/debug/debug-wordpress/">отклањање грешака у Вордпресу</a> за више података. (Ова порука је додата у издању 6.9.1.) in C:\xampp\htdocs\webmajstor\wp-includes\functions.php on line 6170
